[INFO] --- maven-dependency-plugin:2.8:tree (default-cli) @ ysd-pay ---
[WARNING] The artifact jdom:jdom:jar:1.1 has been relocated to org.jdom:jdom:jar:1.1
[INFO] com.ysd.pay:ysd-pay:war:1.0-SNAPSHOT
[INFO] +- com.ysd.pay:ysd-pay-service:jar:1.0-SNAPSHOT:compile
[INFO] |  +- com.ysd.base:ysd-base:jar:1.0-SNAPSHOT:compile
[INFO] |  |  +- org.springframework:spring-jdbc:jar:4.3.8.RELEASE:compile
[INFO] |  |  +- org.springframework:spring-aspects:jar:4.3.8.RELEASE:compile
[INFO] |  |  |  \- org.aspectj:aspectjweaver:jar:1.8.10:compile
[INFO] |  |  +- org.apache.logging.log4j:log4j-jcl:jar:2.2:compile
[INFO] |  |  +- org.apache.logging.log4j:log4j-1.2-api:jar:2.2:compile
[INFO] |  |  \- commons-collections:commons-collections:jar:3.2.2:compile
[INFO] |  +- com.ysd.user:ysd-user:jar:1.0-SNAPSHOT:compile
[INFO] |  +- com.ysd.account:ysd-account:jar:1.0-SNAPSHOT:compile
[INFO] |  +- com.ysd.asset:ysd-asset:jar:1.0-SNAPSHOT:compile
[INFO] |  +- commons-lang:commons-lang:jar:2.6:compile
[INFO] |  +- com.ysd.push:ysd-push:jar:1.0-SNAPSHOT:compile
[INFO] |  |  +- org.slf4j:slf4j-api:jar:1.7.25:compile
[INFO] |  |  +- org.slf4j:slf4j-log4j12:jar:1.7.25:compile
[INFO] |  |  \- cn.jpush.api:jpush-client:jar:3.2.7:compile
[INFO] |  |     \- com.google.code.gson:gson:jar:2.8.0:compile
[INFO] |  \- com.allinpay:xmlInterf:jar:1.0-SNAPSHOT:compile
[INFO] |     +- com.allinpay:xsigntool:jar:1.0-SNAPSHOT:compile
[INFO] |     |  +- com.aipg:xmlEntity:jar:1.0-SNAPSHOT:compile
[INFO] |     |  |  +- cglib:cglib-nodep:jar:2.2:compile
[INFO] |     |  |  +- org.codehaus.jettison:jettison:jar:1.3.7:compile
[INFO] |     |  |  +- joda-time:joda-time:jar:2.9.9:compile
[INFO] |     |  |  +- stax:stax:jar:1.2.0:compile
[INFO] |     |  |  +- stax:stax-api:jar:1.0.1:compile
[INFO] |     |  |  +- org.codehaus.woodstox:wstx-asl:jar:3.2.7:compile
[INFO] |     |  |  +- xmlwriter:xmlwriter:jar:2.0:compile
[INFO] |     |  |  |  +- xmlenc:xmlenc:jar:0.20:compile
[INFO] |     |  |  |  \- isorelax:isorelax:jar:20020414:compile
[INFO] |     |  |  +- xom:xom:jar:1.1:compile
[INFO] |     |  |  |  +- xerces:xmlParserAPIs:jar:2.6.2:compile
[INFO] |     |  |  |  \- xalan:xalan:jar:2.7.0:compile
[INFO] |     |  |  +- com.thoughtworks.xstream:xstream-benchmark:jar:1.3.1:compile
[INFO] |     |  |  +- com.sun.jdmk:jmxtools:jar:1.2.1:compile
[INFO] |     |  |  \- com.sun.jmx:jmxri:jar:1.2.1:compile
[INFO] |     |  +- bouncycastle:bcprov-jdk14:jar:138:compile
[INFO] |     |  \- org.apache.httpcomponents:httpmime:jar:4.5.3:compile
[INFO] |     +- org.bouncycastle:bcprov-jdk16:jar:1.46:compile
[INFO] |     +- org.bouncycastle:bcprov-ext-jdk16:jar:1.45:compile
[INFO] |     +- commons-dbcp:commons-dbcp:jar:1.4:compile
[INFO] |     |  \- commons-pool:commons-pool:jar:1.6:compile
[INFO] |     +- xmlpull:xmlpull:jar:1.1.3.1:compile
[INFO] |     +- xpp3:xpp3_min:jar:1.1.4c:compile
[INFO] |     +- com.thoughtworks.xstream:xstream:jar:1.3.1:compile
[INFO] |     \- org.apache.logging.log4j:log4j-jul:jar:2.7:compile
[INFO] +- org.springframework.boot:spring-boot-starter-web:jar:1.5.3.RELEASE:compile
[INFO] |  +- org.springframework.boot:spring-boot-starter:jar:1.5.3.RELEASE:compile
[INFO] |  |  +- org.springframework.boot:spring-boot:jar:1.5.3.RELEASE:compile
[INFO] |  |  +- org.springframework.boot:spring-boot-autoconfigure:jar:1.5.3.RELEASE:compile
[INFO] |  |  \- org.yaml:snakeyaml:jar:1.17:runtime
[INFO] |  +- org.hibernate:hibernate-validator:jar:5.3.5.Final:compile
[INFO] |  |  +- javax.validation:validation-api:jar:1.1.0.Final:compile
[INFO] |  |  +- org.jboss.logging:jboss-logging:jar:3.3.1.Final:compile
[INFO] |  |  \- com.fasterxml:classmate:jar:1.3.3:compile
[INFO] |  +- com.fasterxml.jackson.core:jackson-databind:jar:2.8.8:compile
[INFO] |  |  +- com.fasterxml.jackson.core:jackson-annotations:jar:2.8.0:compile
[INFO] |  |  \- com.fasterxml.jackson.core:jackson-core:jar:2.8.8:compile
[INFO] |  +- org.springframework:spring-web:jar:4.3.8.RELEASE:compile
[INFO] |  |  +- org.springframework:spring-aop:jar:4.3.8.RELEASE:compile
[INFO] |  |  +- org.springframework:spring-beans:jar:4.3.8.RELEASE:compile
[INFO] |  |  \- org.springframework:spring-context:jar:4.3.8.RELEASE:compile
[INFO] |  \- org.springframework:spring-webmvc:jar:4.3.8.RELEASE:compile
[INFO] |     \- org.springframework:spring-expression:jar:4.3.8.RELEASE:compile
[INFO] +- org.springframework.boot:spring-boot-starter-tomcat:jar:1.5.3.RELEASE:provided
[INFO] |  +- org.apache.tomcat.embed:tomcat-embed-core:jar:8.5.14:provided
[INFO] |  +- org.apache.tomcat.embed:tomcat-embed-el:jar:8.5.14:provided
[INFO] |  \- org.apache.tomcat.embed:tomcat-embed-websocket:jar:8.5.14:provided
[INFO] +- org.springframework.boot:spring-boot-starter-data-redis:jar:1.5.3.RELEASE:compile
[INFO] |  +- org.springframework.data:spring-data-redis:jar:1.8.3.RELEASE:compile
[INFO] |  |  +- org.springframework.data:spring-data-keyvalue:jar:1.2.3.RELEASE:compile
[INFO] |  |  |  \- org.springframework.data:spring-data-commons:jar:1.13.3.RELEASE:compile
[INFO] |  |  +- org.springframework:spring-tx:jar:4.3.8.RELEASE:compile
[INFO] |  |  \- org.springframework:spring-oxm:jar:4.3.8.RELEASE:compile
[INFO] |  \- redis.clients:jedis:jar:2.9.0:compile
[INFO] |     \- org.apache.commons:commons-pool2:jar:2.4.2:compile
[INFO] +- org.springframework.boot:spring-boot-starter-log4j2:jar:1.5.3.RELEASE:compile
[INFO] |  +- org.apache.logging.log4j:log4j-slf4j-impl:jar:2.2:compile
[INFO] |  +- org.apache.logging.log4j:log4j-api:jar:2.7:compile
[INFO] |  +- org.apache.logging.log4j:log4j-core:jar:2.7:compile
[INFO] |  +- org.slf4j:jcl-over-slf4j:jar:1.7.25:compile
[INFO] |  \- org.slf4j:jul-to-slf4j:jar:1.7.25:compile
[INFO] +- org.springframework.boot:spring-boot-starter-test:jar:1.5.3.RELEASE:test
[INFO] |  +- org.springframework.boot:spring-boot-test:jar:1.5.3.RELEASE:test
[INFO] |  +- org.springframework.boot:spring-boot-test-autoconfigure:jar:1.5.3.RELEASE:test
[INFO] |  +- com.jayway.jsonpath:json-path:jar:2.2.0:test
[INFO] |  |  \- net.minidev:json-smart:jar:2.2.1:test
[INFO] |  |     \- net.minidev:accessors-smart:jar:1.1:test
[INFO] |  |        \- org.ow2.asm:asm:jar:5.0.3:test
[INFO] |  +- org.assertj:assertj-core:jar:2.6.0:test
[INFO] |  +- org.mockito:mockito-core:jar:1.10.19:test
[INFO] |  |  \- org.objenesis:objenesis:jar:2.1:test
[INFO] |  +- org.hamcrest:hamcrest-core:jar:1.3:test
[INFO] |  +- org.hamcrest:hamcrest-library:jar:1.3:test
[INFO] |  +- org.skyscreamer:jsonassert:jar:1.4.0:test
[INFO] |  |  \- com.vaadin.external.google:android-json:jar:0.0.20131108.vaadin1:test
[INFO] |  +- org.springframework:spring-core:jar:4.3.8.RELEASE:compile
[INFO] |  \- org.springframework:spring-test:jar:4.3.8.RELEASE:test
[INFO] +- com.alibaba:druid:jar:1.0.16:compile
[INFO] |  +- com.alibaba:jconsole:jar:1.8.0:system
[INFO] |  \- com.alibaba:tools:jar:1.8.0:system
[INFO] +- mysql:mysql-connector-java:jar:5.1.36:runtime
[INFO] +- org.mybatis.spring.boot:mybatis-spring-boot-starter:jar:1.2.1:compile
[INFO] |  +- org.springframework.boot:spring-boot-starter-jdbc:jar:1.5.3.RELEASE:compile
[INFO] |  |  \- org.apache.tomcat:tomcat-jdbc:jar:8.5.14:compile
[INFO] |  |     \- org.apache.tomcat:tomcat-juli:jar:8.5.14:compile
[INFO] |  \- org.mybatis.spring.boot:mybatis-spring-boot-autoconfigure:jar:1.2.1:compile
[INFO] +- com.alibaba:fastjson:jar:1.2.7:compile
[INFO] +- org.apache.commons:commons-lang3:jar:3.3.2:compile
[INFO] +- org.mybatis:mybatis:jar:3.4.4:compile
[INFO] +- org.mybatis:mybatis-spring:jar:1.3.1:compile
[INFO] +- org.springframework.boot:spring-boot-starter-freemarker:jar:1.4.1.RELEASE:compile
[INFO] |  \- org.springframework:spring-context-support:jar:4.3.8.RELEASE:compile
[INFO] +- org.bouncycastle:bcprov-jdk15:jar:1.43:compile
[INFO] +- commons-codec:commons-codec:jar:1.3:compile
[INFO] +- commons-httpclient:commons-httpclient:jar:3.1:compile
[INFO] |  \- commons-logging:commons-logging:jar:1.0.4:compile
[INFO] +- commons-io:commons-io:jar:1.2:compile
[INFO] +- com.allin:allinpay-security:jar:1.0:compile
[INFO] +- com.allin:allinpay-security-support:jar:1.0:compile
[INFO] +- com.allin:refundOrder:jar:1.0:compile
[INFO] +- org.jdom:jdom:jar:1.1:compile
[INFO] +- dom4j:dom4j:jar:1.6.1:compile
[INFO] |  \- xml-apis:xml-apis:jar:1.4.01:compile
[INFO] +- org.freemarker:freemarker:jar:2.3.22:compile
[INFO] +- com.allin.mtp:allin-mtp:jar:1.0-SNAPSHOT:compile
[INFO] |  +- org.bouncycastle:bcprov-jdk14:jar:1.44:compile
[INFO] |  +- commons-beanutils:commons-beanutils:jar:1.9.3:compile
[INFO] |  +- cryptixJCE:cryptixJCE:jar:1.0:compile
[INFO] |  +- encryption:encryption:jar:1.0:compile
[INFO] |  +- hap:hap:jar:2.0:compile
[INFO] |  +- HTC:HTC:jar:1.0:compile
[INFO] |  +- org.apache.httpcomponents:httpclient:jar:4.5.3:compile
[INFO] |  +- org.apache.httpcomponents:httpcore:jar:4.4.6:compile
[INFO] |  +- jaxen:jaxen:jar:1.1.6:compile
[INFO] |  +- log4j:log4j:jar:1.2.16:compile
[INFO] |  +- mind:mind:jar:1.0:compile
[INFO] |  +- xmlsec:xmlsec:jar:1.4.1:compile
[INFO] |  \- xerces:xercesImpl:jar:2.11.0:compile
[INFO] \- junit:junit:jar:4.12:test
[INFO] ------------------------------------------------------------------------
[INFO] BUILD SUCCESS
[INFO] ------------------------------------------------------------------------
[INFO] Total time: 3.183 s
[INFO] Finished at: 2017-12-29T12:07:16+08:00
[INFO] Final Memory: 26M/276M
[INFO] ------------------------------------------------------------------------
